<?xml version="1.0" encoding="UTF-8"?>
<!-- Generated by org.testng.reporters.JUnitXMLReporter -->
<testsuite ignored="6" hostname="LTIN488948" failures="1" tests="4" name="edgetest" time="62.519" errors="0" timestamp="2024-02-28T12:31:34 IST">
  <testcase classname="testing.TC001_Doctor_Details" name="Get_Doctor_Details" time="17.75">
    <failure type="org.openqa.selenium.NoSuchElementException" message="no such element: Unable to locate element: {&amp;quot;method&amp;quot;:&amp;quot;xpath&amp;quot;,&amp;quot;selector&amp;quot;:&amp;quot;//div[@data-qa-id=&amp;apos;doctor_gender_section&amp;apos;]&amp;quot;}
  (Session info: MicrosoftEdge=122.0.2365.52)
For documentation on this error, please visit: https://www.selenium.dev/documentation/webdriver/troubleshooting/errors#no-such-element-exception
Build info: version: &amp;apos;4.16.1&amp;apos;, revision: &amp;apos;9b4c83354e&amp;apos;
System info: os.name: &amp;apos;Windows 11&amp;apos;, os.arch: &amp;apos;amd64&amp;apos;, os.version: &amp;apos;10.0&amp;apos;, java.version: &amp;apos;17.0.2&amp;apos;
Driver info: org.openqa.selenium.edge.EdgeDriver
Command: [717fc2b0429041c7c70ee08b603bc95a, findElement {using=xpath, value=//div[@data-qa-id=&amp;apos;doctor_gender_section&amp;apos;]}]
Capabilities {acceptInsecureCerts: false, browserName: MicrosoftEdge, browserVersion: 122.0.2365.52, fedcm:accounts: true, ms:edgeOptions: {debuggerAddress: localhost:62046}, msedge: {msedgedriverVersion: 122.0.2365.52 (dcf246d1e496..., userDataDir: C:\WINDOWS\SystemTemp\scope...}, networkConnectionEnabled: false, pageLoadStrategy: normal, platformName: windows, proxy: Proxy(), se:cdp: ws://localhost:62046/devtoo..., se:cdpVersion: 122.0.2365.52, setWindowRect: true, strictFileInteractability: false, timeouts: {implicit: 0, pageLoad: 300000, script: 30000}, unhandledPromptBehavior: dismiss and notify, webauthn:extension:credBlob: true, webauthn:extension:largeBlob: true, webauthn:extension:minPinLength: true, webauthn:extension:prf: true, webauthn:virtualAuthenticators: true}
Session ID: 717fc2b0429041c7c70ee08b603bc95a">
      <![CDATA[org.openqa.selenium.NoSuchElementException: no such element: Unable to locate element: {"method":"xpath","selector":"//div[@data-qa-id='doctor_gender_section']"}
  (Session info: MicrosoftEdge=122.0.2365.52)
For documentation on this error, please visit: https://www.selenium.dev/documentation/webdriver/troubleshooting/errors#no-such-element-exception
Build info: version: '4.16.1', revision: '9b4c83354e'
System info: os.name: 'Windows 11', os.arch: 'amd64', os.version: '10.0', java.version: '17.0.2'
Driver info: org.openqa.selenium.edge.EdgeDriver
Command: [717fc2b0429041c7c70ee08b603bc95a, findElement {using=xpath, value=//div[@data-qa-id='doctor_gender_section']}]
Capabilities {acceptInsecureCerts: false, browserName: MicrosoftEdge, browserVersion: 122.0.2365.52, fedcm:accounts: true, ms:edgeOptions: {debuggerAddress: localhost:62046}, msedge: {msedgedriverVersion: 122.0.2365.52 (dcf246d1e496..., userDataDir: C:\WINDOWS\SystemTemp\scope...}, networkConnectionEnabled: false, pageLoadStrategy: normal, platformName: windows, proxy: Proxy(), se:cdp: ws://localhost:62046/devtoo..., se:cdpVersion: 122.0.2365.52, setWindowRect: true, strictFileInteractability: false, timeouts: {implicit: 0, pageLoad: 300000, script: 30000}, unhandledPromptBehavior: dismiss and notify, webauthn:extension:credBlob: true, webauthn:extension:largeBlob: true, webauthn:extension:minPinLength: true, webauthn:extension:prf: true, webauthn:virtualAuthenticators: true}
Session ID: 717fc2b0429041c7c70ee08b603bc95a
at org.openqa.selenium.remote.codec.w3c.W3CHttpResponseCodec.createException(W3CHttpResponseCodec.java:200)
at org.openqa.selenium.remote.codec.w3c.W3CHttpResponseCodec.decode(W3CHttpResponseCodec.java:133)
at org.openqa.selenium.remote.codec.w3c.W3CHttpResponseCodec.decode(W3CHttpResponseCodec.java:52)
at org.openqa.selenium.remote.HttpCommandExecutor.execute(HttpCommandExecutor.java:191)
at org.openqa.selenium.remote.service.DriverCommandExecutor.invokeExecute(DriverCommandExecutor.java:200)
at org.openqa.selenium.remote.service.DriverCommandExecutor.execute(DriverCommandExecutor.java:175)
at org.openqa.selenium.remote.RemoteWebDriver.execute(RemoteWebDriver.java:523)
at org.openqa.selenium.remote.ElementLocation$ElementFinder$2.findElement(ElementLocation.java:165)
at org.openqa.selenium.remote.ElementLocation.findElement(ElementLocation.java:59)
at org.openqa.selenium.remote.RemoteWebDriver.findElement(RemoteWebDriver.java:360)
at org.openqa.selenium.remote.RemoteWebDriver.findElement(RemoteWebDriver.java:354)
at org.openqa.selenium.support.pagefactory.DefaultElementLocator.findElement(DefaultElementLocator.java:68)
at org.openqa.selenium.support.pagefactory.internal.LocatingElementHandler.invoke(LocatingElementHandler.java:38)
at jdk.proxy2/jdk.proxy2.$Proxy29.click(Unknown Source)
at pageObject.Doctor_Details.get_Doctors(Doctor_Details.java:69)
at testing.TC001_Doctor_Details.Get_Doctor_Details(TC001_Doctor_Details.java:18)
at java.base/java.util.ArrayList.forEach(ArrayList.java:1511)
... Removed 32 stack frames]]>
    </failure>
  </testcase> <!-- Get_Doctor_Details -->
  <testcase classname="testing.TC002_Surgeries" name="get_Surgeries_List" time="1.758"/>
  <testcase classname="testing.TC003_Set_Wrong_Details" name="set_Wrong_Details" time="18.071"/>
  <testcase classname="testing.TC004_Set_Correct_Details" name="set_Correct_Details" time="16.523"/>
  <testcase classname="testing.BaseClass" name="@AfterTest Close_Driver" time="0.0">
    <ignored/>
  </testcase> <!-- @AfterTest Close_Driver -->
  <testcase classname="testing.BaseClass" name="@BeforeTest Intiate_WebDriver" time="0.0">
    <ignored/>
  </testcase> <!-- @BeforeTest Intiate_WebDriver -->
  <testcase classname="testing.BaseClass" name="@AfterTest Close_Driver" time="0.0">
    <ignored/>
  </testcase> <!-- @AfterTest Close_Driver -->
  <testcase classname="testing.BaseClass" name="@AfterTest Close_Driver" time="0.0">
    <ignored/>
  </testcase> <!-- @AfterTest Close_Driver -->
  <testcase classname="testing.BaseClass" name="@BeforeTest Intiate_WebDriver" time="0.0">
    <ignored/>
  </testcase> <!-- @BeforeTest Intiate_WebDriver -->
  <testcase classname="testing.BaseClass" name="@BeforeTest Intiate_WebDriver" time="0.0">
    <ignored/>
  </testcase> <!-- @BeforeTest Intiate_WebDriver -->
</testsuite> <!-- edgetest -->
